#
# There is insufficient memory for the Java Runtime Environment to continue.
# Native memory allocation (malloc) failed to allocate 1304656 bytes for Chunk::new
# Possible reasons:
#   The system is out of physical RAM or swap space
#   In 32 bit mode, the process size limit was hit
# Possible solutions:
#   Reduce memory load on the system
#   Increase physical memory or swap space
#   Check if swap backing store is full
#   Use 64 bit Java on a 64 bit OS
#   Decrease Java heap size (-Xmx/-Xms)
#   Decrease number of Java threads
#   Decrease Java thread stack sizes (-Xss)
#   Set larger code cache with -XX:ReservedCodeCacheSize=
# This output file may be truncated or incomplete.
#
#  Out of Memory Error (allocation.cpp:390), pid=24236, tid=0x00000000000005e8
#
# JRE version: OpenJDK Runtime Environment (8.0_152-b01) (build 1.8.0_152-release-1343-b01)
# Java VM: OpenJDK 64-Bit Server VM (25.152-b01 mixed mode windows-amd64 compressed oops)
# Failed to write core dump. Minidumps are not enabled by default on client versions of Windows
#

---------------  T H R E A D  ---------------

Current thread (0x0000000016464800):  JavaThread "C2 CompilerThread1" daemon [_thread_in_native, id=1512, stack(0x0000000017bc0000,0x0000000017cc0000)]

Stack: [0x0000000017bc0000,0x0000000017cc0000]
[error occurred during error reporting (printing stack bounds), id 0xc0000005]

Native frames: (J=compiled Java code, j=interpreted, Vv=VM code, C=native code)


Current CompileTask:
C2:   4753 2210       4       java.net.URLClassLoader$1::run (5 bytes)


---------------  P R O C E S S  ---------------

Java Threads: ( => current thread )
  0x0000000019696000 JavaThread "Cache worker for execution history cache (C:\Users\user\.gradle\caches\5.1.1\executionHistory)" [_thread_blocked, id=20768, stack(0x0000000020070000,0x0000000020170000)]
  0x0000000019691800 JavaThread "Cache worker for cache directory md-rule (C:\Users\user\.gradle\caches\5.1.1\md-rule)" [_thread_blocked, id=23040, stack(0x000000001ff70000,0x0000000020070000)]
  0x0000000019695000 JavaThread "Cache worker for cache directory md-supplier (C:\Users\user\.gradle\caches\5.1.1\md-supplier)" [_thread_blocked, id=20968, stack(0x000000001fe70000,0x000000001ff70000)]
  0x0000000019693800 JavaThread "Cache worker for file hash cache (D:\Program Files\Android\Git\tvandroid\.gradle\5.1.1\fileHashes)" [_thread_blocked, id=4816, stack(0x000000001d1c0000,0x000000001d2c0000)]
  0x0000000019692000 JavaThread "Cache worker for journal cache (C:\Users\user\.gradle\caches\journal-1)" [_thread_blocked, id=24108, stack(0x000000001af20000,0x000000001b020000)]
  0x0000000019696800 JavaThread "File lock request listener" [_thread_in_native, id=1252, stack(0x000000001ae20000,0x000000001af20000)]
  0x0000000019640000 JavaThread "Cache worker for file hash cache (C:\Users\user\.gradle\caches\5.1.1\fileHashes)" [_thread_blocked, id=19916, stack(0x000000001ad20000,0x000000001ae20000)]
  0x00000000194e1000 JavaThread "Thread-8" [_thread_blocked, id=3300, stack(0x000000001ac20000,0x000000001ad20000)]
  0x00000000194ef800 JavaThread "Stdin handler" [_thread_blocked, id=24132, stack(0x000000001ab20000,0x000000001ac20000)]
  0x0000000019506800 JavaThread "Asynchronous log dispatcher for DefaultDaemonConnection: socket connection from /127.0.0.1:56435 to /127.0.0.1:56436" [_thread_blocked, id=24012, stack(0x000000001aa20000,0x000000001ab20000)]
  0x0000000019514800 JavaThread "Daemon worker" [_thread_in_native, id=22572, stack(0x000000001a920000,0x000000001aa20000)]
  0x0000000019514000 JavaThread "Cancel handler" [_thread_blocked, id=2000, stack(0x000000001a820000,0x000000001a920000)]
  0x00000000194bb000 JavaThread "Handler for socket connection from /127.0.0.1:56435 to /127.0.0.1:56436" [_thread_in_native, id=24084, stack(0x000000001a520000,0x000000001a620000)]
  0x00000000194ba000 JavaThread "Daemon" [_thread_blocked, id=24052, stack(0x000000001a420000,0x000000001a520000)]
  0x0000000019159000 JavaThread "Daemon periodic checks" [_thread_blocked, id=19504, stack(0x000000001a320000,0x000000001a420000)]
  0x000000001912a800 JavaThread "Incoming local TCP Connector on port 56435" [_thread_in_native, id=23832, stack(0x000000001a0d0000,0x000000001a1d0000)]
  0x00000000164a2000 JavaThread "Service Thread" daemon [_thread_blocked, id=23412, stack(0x00000000181c0000,0x00000000182c0000)]
  0x000000001646b800 JavaThread "C1 CompilerThread2" daemon [_thread_blocked, id=22860, stack(0x0000000017cc0000,0x0000000017dc0000)]
=>0x0000000016464800 JavaThread "C2 CompilerThread1" daemon [_thread_in_native, id=1512, stack(0x0000000017bc0000,0x0000000017cc0000)]
  0x0000000016460800 JavaThread "C2 CompilerThread0" daemon [_thread_in_native, id=23792, stack(0x0000000017ac0000,0x0000000017bc0000)]
  0x000000001645f800 JavaThread "Attach Listener" daemon [_thread_blocked, id=23548, stack(0x00000000179c0000,0x0000000017ac0000)]
  0x000000001645c800 JavaThread "Signal Dispatcher" daemon [_thread_blocked, id=14108, stack(0x00000000178c0000,0x00000000179c0000)]
  0x0000000002aeb800 JavaThread "Finalizer" daemon [_thread_blocked, id=23900, stack(0x00000000176c0000,0x00000000177c0000)]
  0x0000000002ae1000 JavaThread "Reference Handler" daemon [_thread_blocked, id=24420, stack(0x00000000175c0000,0x00000000176c0000)]
  0x00000000028de800 JavaThread "main" [_thread_blocked, id=21388, stack(0x00000000028e0000,0x00000000029e0000)]

Other Threads:
  0x0000000016426000 VMThread [stack: 0x00000000174c0000,0x00000000175c0000] [id=19788]
  0x00000000164a3000 WatcherThread [stack: 0x00000000182c0000,0x00000000183c0000] [id=21596]

VM state:not at safepoint (normal execution)

VM Mutex/Monitor currently owned by a thread: None

Heap:
 PSYoungGen      total 75776K, used 33661K [0x00000000e0000000, 0x00000000e7e80000, 0x0000000100000000)
  eden space 65536K, 40% used [0x00000000e0000000,0x00000000e19c9140,0x00000000e4000000)
  from space 10240K, 70% used [0x00000000e4000000,0x00000000e4716630,0x00000000e4a00000)
  to   space 10240K, 0% used [0x00000000e7480000,0x00000000e7480000,0x00000000e7e80000)
 ParOldGen       total 55808K, used 7861K [0x00000000a0000000, 0x00000000a3680000, 0x00000000e0000000)
  object space 55808K, 14% used [0x00000000a0000000,0x00000000a07ad7c0,0x00000000a3680000)
 Metaspace       used 29516K, capacity 30128K, committed 30464K, reserved 1075200K
  class space    used 4073K, capacity 4310K, committed 4352K, reserved 1048576K

Card table byte_map: [0x0000000011eb0000,0x00000000121c0000] byte_map_base: 0x00000000119b0000

Marking Bits: (ParMarkBitMap*) 0x0000000059065aa0
 Begin Bits: [0x00000000127c0000, 0x0000000013fc0000)
 End Bits:   [0x0000000013fc0000, 0x00000000157c0000)

Polling page: 0x0000000001020000

CodeCache: size=245760Kb used=8848Kb max_used=8848Kb free=236911Kb
 bounds [0x0000000002af0000, 0x00000000033a0000, 0x0000000011af0000]
 total_blobs=2942 nmethods=2275 adapters=580
 compilation: enabled

Compilation events (10 events):
Event: 4.747 Thread 0x000000001646b800 2276       1       java.io.ObjectStreamClass::getPrimDataSize (5 bytes)
Event: 4.747 Thread 0x000000001646b800 nmethod 2276 0x0000000003397210 code [0x0000000003397360, 0x0000000003397470]
Event: 4.747 Thread 0x000000001646b800 2277       1       java.io.ObjectStreamClass::getNumObjFields (5 bytes)
Event: 4.747 Thread 0x000000001646b800 nmethod 2277 0x00000000033974d0 code [0x0000000003397620, 0x0000000003397730]
Event: 4.747 Thread 0x000000001646b800 2278       3       org.gradle.internal.service.DefaultServiceRegistry$SingletonService::<init> (26 bytes)
Event: 4.748 Thread 0x000000001646b800 nmethod 2278 0x0000000003397790 code [0x0000000003397940, 0x0000000003397fa8]
Event: 4.748 Thread 0x000000001646b800 2279       3       org.gradle.internal.service.DefaultServiceRegistry$ManagedObjectServiceProvider::<init> (21 bytes)
Event: 4.748 Thread 0x000000001646b800 nmethod 2279 0x0000000003398390 code [0x0000000003398520, 0x0000000003398a30]
Event: 4.748 Thread 0x000000001646b800 2280       1       java.util.Formatter::access$000 (5 bytes)
Event: 4.748 Thread 0x000000001646b800 nmethod 2280 0x0000000003398d10 code [0x0000000003398e60, 0x0000000003398f50]

GC Heap History (10 events):
Event: 2.897 GC heap before
{Heap before GC invocations=4 (full 0):
 PSYoungGen      total 37888K, used 37856K [0x00000000e0000000, 0x00000000e2a00000, 0x0000000100000000)
  eden space 32768K, 100% used [0x00000000e0000000,0x00000000e2000000,0x00000000e2000000)
  from space 5120K, 99% used [0x00000000e2000000,0x00000000e24f8020,0x00000000e2500000)
  to   space 5120K, 0% used [0x00000000e2500000,0x00000000e2500000,0x00000000e2a00000)
 ParOldGen       total 86016K, used 1816K [0x00000000a0000000, 0x00000000a5400000, 0x00000000e0000000)
  object space 86016K, 2% used [0x00000000a0000000,0x00000000a01c6050,0x00000000a5400000)
 Metaspace       used 16059K, capacity 16436K, committed 16640K, reserved 1062912K
  class space    used 2302K, capacity 2460K, committed 2560K, reserved 1048576K
Event: 2.907 GC heap after
Heap after GC invocations=4 (full 0):
 PSYoungGen      total 37888K, used 5088K [0x00000000e0000000, 0x00000000e2a00000, 0x0000000100000000)
  eden space 32768K, 0% used [0x00000000e0000000,0x00000000e0000000,0x00000000e2000000)
  from space 5120K, 99% used [0x00000000e2500000,0x00000000e29f8020,0x00000000e2a00000)
  to   space 5120K, 0% used [0x00000000e2000000,0x00000000e2000000,0x00000000e2500000)
 ParOldGen       total 86016K, used 4963K [0x00000000a0000000, 0x00000000a5400000, 0x00000000e0000000)
  object space 86016K, 5% used [0x00000000a0000000,0x00000000a04d8cc0,0x00000000a5400000)
 Metaspace       used 16059K, capacity 16436K, committed 16640K, reserved 1062912K
  class space    used 2302K, capacity 2460K, committed 2560K, reserved 1048576K
}
Event: 3.454 GC heap before
{Heap before GC invocations=5 (full 0):
 PSYoungGen      total 37888K, used 37856K [0x00000000e0000000, 0x00000000e2a00000, 0x0000000100000000)
  eden space 32768K, 100% used [0x00000000e0000000,0x00000000e2000000,0x00000000e2000000)
  from space 5120K, 99% used [0x00000000e2500000,0x00000000e29f8020,0x00000000e2a00000)
  to   space 5120K, 0% used [0x00000000e2000000,0x00000000e2000000,0x00000000e2500000)
 ParOldGen       total 86016K, used 4963K [0x00000000a0000000, 0x00000000a5400000, 0x00000000e0000000)
  object space 86016K, 5% used [0x00000000a0000000,0x00000000a04d8cc0,0x00000000a5400000)
 Metaspace       used 19440K, capacity 19964K, committed 20224K, reserved 1067008K
  class space    used 2801K, capacity 3001K, committed 3072K, reserved 1048576K
Event: 3.462 GC heap after
Heap after GC invocations=5 (full 0):
 PSYoungGen      total 37888K, used 5108K [0x00000000e0000000, 0x00000000e5500000, 0x0000000100000000)
  eden space 32768K, 0% used [0x00000000e0000000,0x00000000e0000000,0x00000000e2000000)
  from space 5120K, 99% used [0x00000000e2000000,0x00000000e24fd040,0x00000000e2500000)
  to   space 10752K, 0% used [0x00000000e4a80000,0x00000000e4a80000,0x00000000e5500000)
 ParOldGen       total 86016K, used 8822K [0x00000000a0000000, 0x00000000a5400000, 0x00000000e0000000)
  object space 86016K, 10% used [0x00000000a0000000,0x00000000a089db18,0x00000000a5400000)
 Metaspace       used 19440K, capacity 19964K, committed 20224K, reserved 1067008K
  class space    used 2801K, capacity 3001K, committed 3072K, reserved 1048576K
}
Event: 3.574 GC heap before
{Heap before GC invocations=6 (full 0):
 PSYoungGen      total 37888K, used 14709K [0x00000000e0000000, 0x00000000e5500000, 0x0000000100000000)
  eden space 32768K, 29% used [0x00000000e0000000,0x00000000e09604c8,0x00000000e2000000)
  from space 5120K, 99% used [0x00000000e2000000,0x00000000e24fd040,0x00000000e2500000)
  to   space 10752K, 0% used [0x00000000e4a80000,0x00000000e4a80000,0x00000000e5500000)
 ParOldGen       total 86016K, used 8822K [0x00000000a0000000, 0x00000000a5400000, 0x00000000e0000000)
  object space 86016K, 10% used [0x00000000a0000000,0x00000000a089db18,0x00000000a5400000)
 Metaspace       used 20706K, capacity 21148K, committed 21296K, reserved 1067008K
  class space    used 2915K, capacity 3097K, committed 3200K, reserved 1048576K
Event: 3.581 GC heap after
Heap after GC invocations=6 (full 0):
 PSYoungGen      total 75264K, used 6605K [0x00000000e0000000, 0x00000000e5400000, 0x0000000100000000)
  eden space 65536K, 0% used [0x00000000e0000000,0x00000000e0000000,0x00000000e4000000)
  from space 9728K, 67% used [0x00000000e4a80000,0x00000000e50f37f8,0x00000000e5400000)
  to   space 10240K, 0% used [0x00000000e4000000,0x00000000e4000000,0x00000000e4a00000)
 ParOldGen       total 86016K, used 8830K [0x00000000a0000000, 0x00000000a5400000, 0x00000000e0000000)
  object space 86016K, 10% used [0x00000000a0000000,0x00000000a089fb18,0x00000000a5400000)
 Metaspace       used 20706K, capacity 21148K, committed 21296K, reserved 1067008K
  class space    used 2915K, capacity 3097K, committed 3200K, reserved 1048576K
}
Event: 3.581 GC heap before
{Heap before GC invocations=7 (full 1):
 PSYoungGen      total 75264K, used 6605K [0x00000000e0000000, 0x00000000e5400000, 0x0000000100000000)
  eden space 65536K, 0% used [0x00000000e0000000,0x00000000e0000000,0x00000000e4000000)
  from space 9728K, 67% used [0x00000000e4a80000,0x00000000e50f37f8,0x00000000e5400000)
  to   space 10240K, 0% used [0x00000000e4000000,0x00000000e4000000,0x00000000e4a00000)
 ParOldGen       total 86016K, used 8830K [0x00000000a0000000, 0x00000000a5400000, 0x00000000e0000000)
  object space 86016K, 10% used [0x00000000a0000000,0x00000000a089fb18,0x00000000a5400000)
 Metaspace       used 20706K, capacity 21148K, committed 21296K, reserved 1067008K
  class space    used 2915K, capacity 3097K, committed 3200K, reserved 1048576K
Event: 3.615 GC heap after
Heap after GC invocations=7 (full 1):
 PSYoungGen      total 75264K, used 0K [0x00000000e0000000, 0x00000000e5400000, 0x0000000100000000)
  eden space 65536K, 0% used [0x00000000e0000000,0x00000000e0000000,0x00000000e4000000)
  from space 9728K, 0% used [0x00000000e4a80000,0x00000000e4a80000,0x00000000e5400000)
  to   space 10240K, 0% used [0x00000000e4000000,0x00000000e4000000,0x00000000e4a00000)
 ParOldGen       total 55808K, used 7853K [0x00000000a0000000, 0x00000000a3680000, 0x00000000e0000000)
  object space 55808K, 14% used [0x00000000a0000000,0x00000000a07ab7c0,0x00000000a3680000)
 Metaspace       used 20706K, capacity 21148K, committed 21296K, reserved 1067008K
  class space    used 2915K, capacity 3097K, committed 3200K, reserved 1048576K
}
Event: 4.352 GC heap before
{Heap before GC invocations=8 (full 1):
 PSYoungGen      total 75264K, used 65536K [0x00000000e0000000, 0x00000000e5400000, 0x0000000100000000)
  eden space 65536K, 100% used [0x00000000e0000000,0x00000000e4000000,0x00000000e4000000)
  from space 9728K, 0% used [0x00000000e4a80000,0x00000000e4a80000,0x00000000e5400000)
  to   space 10240K, 0% used [0x00000000e4000000,0x00000000e4000000,0x00000000e4a00000)
 ParOldGen       total 55808K, used 7853K [0x00000000a0000000, 0x00000000a3680000, 0x00000000e0000000)
  object space 55808K, 14% used [0x00000000a0000000,0x00000000a07ab7c0,0x00000000a3680000)
 Metaspace       used 27939K, capacity 28424K, committed 28672K, reserved 1073152K
  class space    used 3817K, capacity 4002K, committed 4096K, reserved 1048576K
Event: 4.358 GC heap after
Heap after GC invocations=8 (full 1):
 PSYoungGen      total 75776K, used 7257K [0x00000000e0000000, 0x00000000e7e80000, 0x0000000100000000)
  eden space 65536K, 0% used [0x00000000e0000000,0x00000000e0000000,0x00000000e4000000)
  from space 10240K, 70% used [0x00000000e4000000,0x00000000e4716630,0x00000000e4a00000)
  to   space 10240K, 0% used [0x00000000e7480000,0x00000000e7480000,0x00000000e7e80000)
 ParOldGen       total 55808K, used 7861K [0x00000000a0000000, 0x00000000a3680000, 0x00000000e0000000)
  object space 55808K, 14% used [0x00000000a0000000,0x00000000a07ad7c0,0x00000000a3680000)
 Metaspace       used 27939K, capacity 28424K, committed 28672K, reserved 1073152K
  class space    used 3817K, capacity 4002K, committed 4096K, reserved 1048576K
}

Deoptimization events (10 events):
Event: 3.361 Thread 0x0000000019514800 Uncommon trap: reason=unstable_if action=reinterpret pc=0x00000000030979c0 method=java.io.BufferedInputStream.read([BII)I @ 56
Event: 3.362 Thread 0x0000000019514800 Uncommon trap: reason=unstable_if action=reinterpret pc=0x0000000002dedf88 method=java.lang.AbstractStringBuilder.append(Ljava/lang/String;)Ljava/lang/AbstractStringBuilder; @ 1
Event: 3.362 Thread 0x0000000019514800 Uncommon trap: reason=unstable_if action=reinterpret pc=0x0000000002d26440 method=java.lang.AbstractStringBuilder.append(Ljava/lang/String;)Ljava/lang/AbstractStringBuilder; @ 1
Event: 3.421 Thread 0x0000000019514800 Uncommon trap: reason=class_check action=maybe_recompile pc=0x0000000002cdeae0 method=sun.misc.URLClassPath.getLoader(I)Lsun/misc/URLClassPath$Loader; @ 94
Event: 3.421 Thread 0x0000000019514800 Uncommon trap: reason=class_check action=maybe_recompile pc=0x0000000002e4d2ac method=sun.misc.URLClassPath.getResource(Ljava/lang/String;Z)Lsun/misc/Resource; @ 62
Event: 3.423 Thread 0x0000000019514800 Uncommon trap: reason=unstable_if action=reinterpret pc=0x00000000030b6844 method=java.lang.ClassLoader.getClassLoadingLock(Ljava/lang/String;)Ljava/lang/Object; @ 6
Event: 3.992 Thread 0x0000000019514800 Uncommon trap: reason=unstable_if action=reinterpret pc=0x0000000002f821e0 method=java.util.HashMap.hash(Ljava/lang/Object;)I @ 1
Event: 4.061 Thread 0x0000000019514800 Uncommon trap: reason=unstable_if action=reinterpret pc=0x0000000002da728c method=java.io.WinNTFileSystem.resolve(Ljava/lang/String;Ljava/lang/String;)Ljava/lang/String; @ 49
Event: 4.095 Thread 0x0000000019514800 Uncommon trap: reason=unstable_if action=reinterpret pc=0x0000000002dced30 method=java.util.LinkedHashMap.afterNodeInsertion(Z)V @ 1
Event: 4.396 Thread 0x0000000019514800 Uncommon trap: reason=unstable_if action=reinterpret pc=0x000000000331d5d4 method=org.objectweb.asm.Type.appendDescriptor(Ljava/lang/Class;Ljava/lang/StringBuilder;)V @ 6

Classes redefined (0 events):
No events

Internal exceptions (10 events):
Event: 4.518 Thread 0x00000000194e1000 Exception <a 'java/lang/NoSuchMethodError': <clinit>> (0x00000000e024c1f8) thrown at [D:\src\AOSP-openjdk-cygwin\jdk8u\hotspot\src\share\vm\prims\jni.cpp, line 1613]
Event: 4.518 Thread 0x00000000194e1000 Exception <a 'java/lang/NoSuchMethodError': <clinit>> (0x00000000e024d7b8) thrown at [D:\src\AOSP-openjdk-cygwin\jdk8u\hotspot\src\share\vm\prims\jni.cpp, line 1613]
Event: 4.680 Thread 0x0000000019514800 Exception <a 'java/lang/ClassNotFoundException': sync_java_lib914_b3cdzbmsndjooowjr9z6loj0nBeanInfo> (0x00000000e1600d78) thrown at [D:\src\AOSP-openjdk-cygwin\jdk8u\hotspot\src\share\vm\classfile\systemDictionary.cpp, line 210]
Event: 4.681 Thread 0x0000000019514800 Exception <a 'java/lang/ClassNotFoundException': sync_java_lib914_b3cdzbmsndjooowjr9z6loj0nCustomizer> (0x00000000e160d7d8) thrown at [D:\src\AOSP-openjdk-cygwin\jdk8u\hotspot\src\share\vm\classfile\systemDictionary.cpp, line 210]
Event: 4.724 Thread 0x0000000019514800 Exception <a 'java/lang/ClassNotFoundException': org/gradle/invocation/DefaultGradle_DecoratedBeanInfo> (0x00000000e1735538) thrown at [D:\src\AOSP-openjdk-cygwin\jdk8u\hotspot\src\share\vm\classfile\systemDictionary.cpp, line 210]
Event: 4.727 Thread 0x0000000019514800 Exception <a 'java/lang/ClassNotFoundException': org/gradle/invocation/DefaultGradleBeanInfo> (0x00000000e175aec0) thrown at [D:\src\AOSP-openjdk-cygwin\jdk8u\hotspot\src\share\vm\classfile\systemDictionary.cpp, line 210]
Event: 4.729 Thread 0x0000000019514800 Exception <a 'java/lang/ClassNotFoundException': org/gradle/api/internal/project/AbstractPluginAwareBeanInfo> (0x00000000e17883f8) thrown at [D:\src\AOSP-openjdk-cygwin\jdk8u\hotspot\src\share\vm\classfile\systemDictionary.cpp, line 210]
Event: 4.731 Thread 0x0000000019514800 Exception <a 'java/lang/ClassNotFoundException': org/gradle/api/internal/project/AbstractPluginAwareCustomizer> (0x00000000e17c9458) thrown at [D:\src\AOSP-openjdk-cygwin\jdk8u\hotspot\src\share\vm\classfile\systemDictionary.cpp, line 210]
Event: 4.734 Thread 0x0000000019514800 Exception <a 'java/lang/ClassNotFoundException': org/gradle/invocation/DefaultGradleCustomizer> (0x00000000e17f6fe0) thrown at [D:\src\AOSP-openjdk-cygwin\jdk8u\hotspot\src\share\vm\classfile\systemDictionary.cpp, line 210]
Event: 4.740 Thread 0x0000000019514800 Exception <a 'java/lang/ClassNotFoundException': org/gradle/invocation/DefaultGradle_DecoratedCustomizer> (0x00000000e1868948) thrown at [D:\src\AOSP-openjdk-cygwin\jdk8u\hotspot\src\share\vm\classfile\systemDictionary.cpp, line 210]

Events (10 events):
Event: 4.741 Thread 0x0000000019514800 DEOPT PACKING pc=0x00000000030fc559 sp=0x000000001aa1aa00
Event: 4.741 Thread 0x0000000019514800 DEOPT UNPACKING pc=0x0000000002b375d0 sp=0x000000001aa1a720 mode 0
Event: 4.744 loading class org/gradle/util/ConfigureUtil$WrappedConfigureAction
Event: 4.744 loading class org/gradle/util/ConfigureUtil$WrappedConfigureAction done
Event: 4.744 loading class org/gradle/invocation/DefaultGradle$2
Event: 4.744 loading class org/gradle/invocation/DefaultGradle$2 done
Event: 4.745 loading class org/gradle/configuration/internal/DefaultListenerBuildOperationDecorator$BuildOperationEmittingAction
Event: 4.745 loading class org/gradle/configuration/internal/DefaultListenerBuildOperationDecorator$BuildOperationEmittingAction done
Event: 4.751 Thread 0x0000000019514800 DEOPT PACKING pc=0x0000000002e36f9b sp=0x000000001aa1ba10
Event: 4.751 Thread 0x0000000019514800 DEOPT UNPACKING pc=0x0000000002b375d0 sp=0x000000001aa1b828 mode 0


Dynamic libraries:
0x00007ff68d8c0000 - 0x00007ff68d8f1000 	D:\Program Files\Android\Android Studio\jre\bin\java.exe
0x00007ffe814c0000 - 0x00007ffe816a1000 	C:\WINDOWS\SYSTEM32\ntdll.dll
0x00007ffe81000000 - 0x00007ffe810b1000 	C:\WINDOWS\System32\KERNEL32.DLL
0x00007ffe7e6d0000 - 0x00007ffe7e943000 	C:\WINDOWS\System32\KERNELBASE.dll
0x00007ffe80e30000 - 0x00007ffe80ed1000 	C:\WINDOWS\System32\ADVAPI32.dll
0x00007ffe813f0000 - 0x00007ffe8148e000 	C:\WINDOWS\System32\msvcrt.dll
0x00007ffe80980000 - 0x00007ffe809db000 	C:\WINDOWS\System32\sechost.dll
0x00007ffe810c0000 - 0x00007ffe811e4000 	C:\WINDOWS\System32\RPCRT4.dll
0x00007ffe80420000 - 0x00007ffe805b0000 	C:\WINDOWS\System32\USER32.dll
0x00007ffe7db30000 - 0x00007ffe7db50000 	C:\WINDOWS\System32\win32u.dll
0x00007ffe7e950000 - 0x00007ffe7e978000 	C:\WINDOWS\System32\GDI32.dll
0x00007ffe7e310000 - 0x00007ffe7e4a1000 	C:\WINDOWS\System32\gdi32full.dll
0x00007ffe7e4b0000 - 0x00007ffe7e54f000 	C:\WINDOWS\System32\msvcp_win.dll
0x00007ffe7e550000 - 0x00007ffe7e648000 	C:\WINDOWS\System32\ucrtbase.dll
0x00007ffe6e1c0000 - 0x00007ffe6e429000 	C:\WINDOWS\WinSxS\amd64_microsoft.windows.common-controls_6595b64144ccf1df_6.0.17134.950_none_fb3da4273069d3e0\COMCTL32.dll
0x00007ffe800e0000 - 0x00007ffe80402000 	C:\WINDOWS\System32\combase.dll
0x00007ffe7e650000 - 0x00007ffe7e6c9000 	C:\WINDOWS\System32\bcryptPrimitives.dll
0x00007ffe7e980000 - 0x00007ffe7e9ad000 	C:\WINDOWS\System32\IMM32.DLL
0x000000005a1b0000 - 0x000000005a282000 	D:\Program Files\Android\Android Studio\jre\jre\bin\msvcr100.dll
0x00000000588a0000 - 0x00000000590e1000 	D:\Program Files\Android\Android Studio\jre\jre\bin\server\jvm.dll
0x00007ffe811f0000 - 0x00007ffe811f8000 	C:\WINDOWS\System32\PSAPI.DLL
0x00007ffe7b130000 - 0x00007ffe7b153000 	C:\WINDOWS\SYSTEM32\WINMM.dll
0x00007ffe79f90000 - 0x00007ffe79f99000 	C:\WINDOWS\SYSTEM32\WSOCK32.dll
0x00007ffe80ee0000 - 0x00007ffe80f4c000 	C:\WINDOWS\System32\WS2_32.dll
0x00007ffe793f0000 - 0x00007ffe793fa000 	C:\WINDOWS\SYSTEM32\VERSION.dll
0x00007ffe7af60000 - 0x00007ffe7af8a000 	C:\WINDOWS\SYSTEM32\winmmbase.dll
0x00007ffe7d8f0000 - 0x00007ffe7d939000 	C:\WINDOWS\System32\cfgmgr32.dll
0x00007ffe796d0000 - 0x00007ffe796df000 	D:\Program Files\Android\Android Studio\jre\jre\bin\verify.dll
0x00007ffe73470000 - 0x00007ffe73499000 	D:\Program Files\Android\Android Studio\jre\jre\bin\java.dll
0x00007ffe74720000 - 0x00007ffe74736000 	D:\Program Files\Android\Android Studio\jre\jre\bin\zip.dll
0x00007ffe7e9b0000 - 0x00007ffe7fdf0000 	C:\WINDOWS\System32\SHELL32.dll
0x00007ffe80f50000 - 0x00007ffe80ff9000 	C:\WINDOWS\System32\shcore.dll
0x00007ffe7db50000 - 0x00007ffe7e25d000 	C:\WINDOWS\System32\windows.storage.dll
0x00007ffe80080000 - 0x00007ffe800d1000 	C:\WINDOWS\System32\shlwapi.dll
0x00007ffe7d850000 - 0x00007ffe7d861000 	C:\WINDOWS\System32\kernel.appcore.dll
0x00007ffe7d870000 - 0x00007ffe7d88f000 	C:\WINDOWS\System32\profapi.dll
0x00007ffe7d7d0000 - 0x00007ffe7d81c000 	C:\WINDOWS\System32\powrprof.dll
0x00007ffe7d840000 - 0x00007ffe7d84a000 	C:\WINDOWS\System32\FLTLIB.DLL
0x00007ffe740c0000 - 0x00007ffe740da000 	D:\Program Files\Android\Android Studio\jre\jre\bin\net.dll
0x00007ffe7cbf0000 - 0x00007ffe7cc56000 	C:\WINDOWS\system32\mswsock.dll
0x00007ffe73ce0000 - 0x00007ffe73cf1000 	D:\Program Files\Android\Android Studio\jre\jre\bin\nio.dll
0x00007ffe78130000 - 0x00007ffe7814e000 	C:\Users\user\.gradle\native\25\windows-amd64\native-platform.dll
0x00007ffe78a50000 - 0x00007ffe78a5d000 	D:\Program Files\Android\Android Studio\jre\jre\bin\management.dll
0x00007ffe7d1a0000 - 0x00007ffe7d1b7000 	C:\WINDOWS\SYSTEM32\CRYPTSP.dll
0x000000005aa10000 - 0x000000005aa21000 	C:\Program Files\Common Files\Crypto Pro\AppCompat\cpadvai.dll
0x00007ffe7d940000 - 0x00007ffe7db22000 	C:\WINDOWS\System32\CRYPT32.dll
0x00007ffe7d820000 - 0x00007ffe7d832000 	C:\WINDOWS\System32\MSASN1.dll
0x000000005aa40000 - 0x000000005aa60000 	C:\Program Files\Common Files\Crypto Pro\AppCompat\cpcrypt.dll
0x000000005aa30000 - 0x000000005aa37000 	C:\Program Files\Common Files\Crypto Pro\AppCompat\detoured.dll
0x00007ffe7c7a0000 - 0x00007ffe7c7d3000 	C:\WINDOWS\system32\rsaenh.dll
0x00007ffe7d2d0000 - 0x00007ffe7d2f5000 	C:\WINDOWS\SYSTEM32\bcrypt.dll
0x00007ffe7d700000 - 0x00007ffe7d728000 	C:\WINDOWS\SYSTEM32\USERENV.dll
0x00007ffe7d1c0000 - 0x00007ffe7d1cb000 	C:\WINDOWS\SYSTEM32\CRYPTBASE.dll
0x00007ffe7c940000 - 0x00007ffe7c978000 	C:\WINDOWS\SYSTEM32\IPHLPAPI.DLL
0x00007ffe807f0000 - 0x00007ffe807f8000 	C:\WINDOWS\System32\NSI.dll
0x00007ffe77780000 - 0x00007ffe77796000 	C:\WINDOWS\SYSTEM32\dhcpcsvc6.DLL
0x00007ffe77750000 - 0x00007ffe7776a000 	C:\WINDOWS\SYSTEM32\dhcpcsvc.DLL

VM Arguments:
jvm_args: -Xmx1536M -Dfile.encoding=windows-1251 -Duser.country=RU -Duser.language=ru -Duser.variant 
java_command: org.gradle.launcher.daemon.bootstrap.GradleDaemon 5.1.1
java_class_path (initial): C:\Users\user\.gradle\wrapper\dists\gradle-5.1.1-all\97z1ksx6lirer3kbvdnh7jtjg\gradle-5.1.1\lib\gradle-launcher-5.1.1.jar
Launcher Type: SUN_STANDARD

Environment Variables:
JAVA_HOME=D:\Program Files\Java\jdk-10.0.1
CLASSPATH=D:\Program Files\Java\jdk-10.0.1\bin
PATH=C:\Python27\;C:\Python27\Scripts;C:\Program Files (x86)\Common Files\Oracle\Java\javapath;C:\Program Files (x86)\Intel\iCLS Client\;C:\Program Files\Intel\iCLS Client\;C:\WINDOWS\system32;C:\WINDOWS;C:\WINDOWS\System32\Wbem;C:\WINDOWS\System32\WindowsPowerShell\v1.0\;C:\Program Files (x86)\Intel\Intel(R) Management Engine Components\DAL;C:\Program Files\Intel\Intel(R) Management Engine Components\DAL;C:\Program Files (x86)\Intel\Intel(R) Management Engine Components\IPT;C:\Program Files\Intel\Intel(R) Management Engine Components\IPT;C:\WINDOWS\System32\OpenSSH\;D:\Program Files\Git\cmd;C:\Program Files\TortoiseGit\bin;C:\ProgramData\chocolatey\bin;C:\Program Files\AdoptOpenJDK\jdk8u192-b12\bin;C:\Program Files\Java\jdk1.8.0_201\bin;C:\Android\android-sdk\tools;C:\Android\android-sdk\platform-tools;C:\Android\android-sdk\tools\bin;D:\Users\user\AppData\Local\Android\platform-tools;D:\Users\user\AppData\Local\Android\tools;D:\Users\user\AppData\Local\Android\tools\bin;C:\Program Files\nodejs\;C:\Users\user\AppData\Local\Microsoft\WindowsApps;D:\Program Files\Java\jdk-10.0.1\bin;C:\Users\user\AppData\Local\atom\bin;D:\Users\user\AppData\Local\Android\platform-tools;C:\Users\user\AppData\Roaming\npm;D:\Program Files\atom\bin
USERNAME=user
OS=Windows_NT
PROCESSOR_IDENTIFIER=Intel64 Family 6 Model 158 Stepping 9, GenuineIntel



---------------  S Y S T E M  ---------------

OS: Windows 10.0 , 64 bit Build 17134 (10.0.17134.753)

CPU:total 4 (initial active 4) (2 cores per cpu, 2 threads per core) family 6 model 158 stepping 9, cmov, cx8, fxsr, mmx, sse, sse2, sse3, ssse3, sse4.1, sse4.2, popcnt, avx, avx2, aes, clmul, erms, 3dnowpref, lzcnt, ht, tsc, tscinvbit, bmi1, bmi2, adx

Memory: 4k page, physical 8253380k(1756740k free), swap 8765380k(5180k free)

vm_info: OpenJDK 64-Bit Server VM (25.152-b01) for windows-amd64 JRE (1.8.0_152-release-1343-b01), built by "builder" with MS VC++ 10.0 (VS2010)

time: Mon Aug 26 10:53:36 2019
elapsed time: 4 seconds (0d 0h 0m 4s)

