#
# There is insufficient memory for the Java Runtime Environment to continue.
# Native memory allocation (malloc) failed to allocate 697776 bytes for Chunk::new
# Possible reasons:
#   The system is out of physical RAM or swap space
#   In 32 bit mode, the process size limit was hit
# Possible solutions:
#   Reduce memory load on the system
#   Increase physical memory or swap space
#   Check if swap backing store is full
#   Use 64 bit Java on a 64 bit OS
#   Decrease Java heap size (-Xmx/-Xms)
#   Decrease number of Java threads
#   Decrease Java thread stack sizes (-Xss)
#   Set larger code cache with -XX:ReservedCodeCacheSize=
# This output file may be truncated or incomplete.
#
#  Out of Memory Error (allocation.cpp:390), pid=10272, tid=0x000000000000573c
#
# JRE version: OpenJDK Runtime Environment (8.0_152-b01) (build 1.8.0_152-release-1343-b01)
# Java VM: OpenJDK 64-Bit Server VM (25.152-b01 mixed mode windows-amd64 compressed oops)
# Failed to write core dump. Minidumps are not enabled by default on client versions of Windows
#

---------------  T H R E A D  ---------------

Current thread (0x00000000163e3800):  JavaThread "C2 CompilerThread1" daemon [_thread_in_native, id=22332, stack(0x0000000017b40000,0x0000000017c40000)]

Stack: [0x0000000017b40000,0x0000000017c40000]
[error occurred during error reporting (printing stack bounds), id 0xc0000005]

Native frames: (J=compiled Java code, j=interpreted, Vv=VM code, C=native code)


Current CompileTask:
C2:   2626 1345   !   4       java.net.URLClassLoader$1::run (63 bytes)


---------------  P R O C E S S  ---------------

Java Threads: ( => current thread )
  0x000000001973d800 JavaThread "Cache worker for journal cache (C:\Users\user\.gradle\caches\journal-1)" [_thread_blocked, id=2000, stack(0x000000001aec0000,0x000000001afc0000)]
  0x000000001973c000 JavaThread "File lock request listener" [_thread_in_native, id=24108, stack(0x000000001adc0000,0x000000001aec0000)]
  0x00000000197cf800 JavaThread "Cache worker for file hash cache (C:\Users\user\.gradle\caches\5.1.1\fileHashes)" [_thread_blocked, id=4816, stack(0x000000001acc0000,0x000000001adc0000)]
  0x00000000196ea000 JavaThread "Thread-8" [_thread_blocked, id=20452, stack(0x000000001abc0000,0x000000001acc0000)]
  0x00000000196d9800 JavaThread "Stdin handler" [_thread_blocked, id=24132, stack(0x000000001aac0000,0x000000001abc0000)]
  0x00000000196d9000 JavaThread "Asynchronous log dispatcher for DefaultDaemonConnection: socket connection from /127.0.0.1:56494 to /127.0.0.1:56495" [_thread_blocked, id=23412, stack(0x000000001a9c0000,0x000000001aac0000)]
  0x00000000196ce000 JavaThread "Daemon worker" [_thread_in_vm, id=22604, stack(0x000000001a6c0000,0x000000001a7c0000)]
  0x000000001944d000 JavaThread "Cancel handler" [_thread_blocked, id=1512, stack(0x000000001a5c0000,0x000000001a6c0000)]
  0x000000001943d800 JavaThread "Handler for socket connection from /127.0.0.1:56494 to /127.0.0.1:56495" [_thread_in_native, id=20968, stack(0x000000001a4c0000,0x000000001a5c0000)]
  0x000000001943d000 JavaThread "Daemon" [_thread_blocked, id=24388, stack(0x000000001a3c0000,0x000000001a4c0000)]
  0x00000000196b3800 JavaThread "Daemon periodic checks" [_thread_blocked, id=22320, stack(0x000000001a2c0000,0x000000001a3c0000)]
  0x00000000196a2800 JavaThread "Incoming local TCP Connector on port 56494" [_thread_in_native, id=1252, stack(0x000000001a070000,0x000000001a170000)]
  0x0000000017d68800 JavaThread "Service Thread" daemon [_thread_blocked, id=24052, stack(0x0000000018140000,0x0000000018240000)]
  0x00000000163f3000 JavaThread "C1 CompilerThread2" daemon [_thread_blocked, id=23832, stack(0x0000000017c40000,0x0000000017d40000)]
=>0x00000000163e3800 JavaThread "C2 CompilerThread1" daemon [_thread_in_native, id=22332, stack(0x0000000017b40000,0x0000000017c40000)]
  0x00000000163df000 JavaThread "C2 CompilerThread0" daemon [_thread_in_native, id=20400, stack(0x0000000017a40000,0x0000000017b40000)]
  0x00000000163dd800 JavaThread "Attach Listener" daemon [_thread_blocked, id=23752, stack(0x0000000017940000,0x0000000017a40000)]
  0x00000000163dc800 JavaThread "Signal Dispatcher" daemon [_thread_blocked, id=21596, stack(0x0000000017840000,0x0000000017940000)]
  0x0000000002a6b800 JavaThread "Finalizer" daemon [_thread_blocked, id=22860, stack(0x0000000017640000,0x0000000017740000)]
  0x0000000002a61000 JavaThread "Reference Handler" daemon [_thread_blocked, id=7736, stack(0x0000000017540000,0x0000000017640000)]
  0x000000000104e800 JavaThread "main" [_thread_blocked, id=24272, stack(0x0000000002850000,0x0000000002950000)]

Other Threads:
  0x00000000163a6000 VMThread [stack: 0x0000000017440000,0x0000000017540000] [id=23384]
  0x0000000017d79000 WatcherThread [stack: 0x0000000018240000,0x0000000018340000] [id=24420]

VM state:not at safepoint (normal execution)

VM Mutex/Monitor currently owned by a thread: None

Heap:
 PSYoungGen      total 37888K, used 28383K [0x00000000e0000000, 0x00000000e2a00000, 0x0000000100000000)
  eden space 32768K, 71% used [0x00000000e0000000,0x00000000e16bfd20,0x00000000e2000000)
  from space 5120K, 99% used [0x00000000e2000000,0x00000000e24f8040,0x00000000e2500000)
  to   space 5120K, 0% used [0x00000000e2500000,0x00000000e2500000,0x00000000e2a00000)
 ParOldGen       total 86016K, used 1820K [0x00000000a0000000, 0x00000000a5400000, 0x00000000e0000000)
  object space 86016K, 2% used [0x00000000a0000000,0x00000000a01c7368,0x00000000a5400000)
 Metaspace       used 14968K, capacity 15288K, committed 15616K, reserved 1062912K
  class space    used 2129K, capacity 2258K, committed 2304K, reserved 1048576K

Card table byte_map: [0x0000000011e30000,0x0000000012140000] byte_map_base: 0x0000000011930000

Marking Bits: (ParMarkBitMap*) 0x0000000059065aa0
 Begin Bits: [0x0000000012740000, 0x0000000013f40000)
 End Bits:   [0x0000000013f40000, 0x0000000015740000)

Polling page: 0x0000000001020000

CodeCache: size=245760Kb used=4957Kb max_used=4957Kb free=240802Kb
 bounds [0x0000000002a70000, 0x0000000002f50000, 0x0000000011a70000]
 total_blobs=1761 nmethods=1378 adapters=297
 compilation: enabled

Compilation events (10 events):
Event: 2.575 Thread 0x00000000163f3000 1377       3       org.gradle.internal.file.FilePathUtil::sizeOfCommonPrefix (142 bytes)
Event: 2.576 Thread 0x00000000163f3000 nmethod 1377 0x0000000002f43310 code [0x0000000002f43580, 0x0000000002f449a8]
Event: 2.576 Thread 0x00000000163f3000 1378       3       java.util.AbstractCollection::isEmpty (13 bytes)
Event: 2.576 Thread 0x00000000163f3000 nmethod 1378 0x0000000002f45310 code [0x0000000002f45480, 0x0000000002f456e8]
Event: 2.576 Thread 0x00000000163f3000 1379       3       org.gradle.internal.file.DefaultFileHierarchySet$Node::sizeOfCommonPrefix (10 bytes)
Event: 2.576 Thread 0x00000000163f3000 nmethod 1379 0x0000000002f45790 code [0x0000000002f45900, 0x0000000002f45ae8]
Event: 2.583 Thread 0x00000000163f3000 1380   !   3       java.lang.StringCoding::decode (120 bytes)
Event: 2.585 Thread 0x00000000163f3000 nmethod 1380 0x0000000002f45bd0 code [0x0000000002f45f00, 0x0000000002f47918]
Event: 2.614 Thread 0x00000000163f3000 1381       3       java.util.concurrent.locks.AbstractQueuedSynchronizer::setState (6 bytes)
Event: 2.614 Thread 0x00000000163f3000 nmethod 1381 0x0000000002f49110 code [0x0000000002f49260, 0x0000000002f493b0]

GC Heap History (6 events):
Event: 1.081 GC heap before
{Heap before GC invocations=1 (full 0):
 PSYoungGen      total 37888K, used 32768K [0x00000000e0000000, 0x00000000e2a00000, 0x0000000100000000)
  eden space 32768K, 100% used [0x00000000e0000000,0x00000000e2000000,0x00000000e2000000)
  from space 5120K, 0% used [0x00000000e2500000,0x00000000e2500000,0x00000000e2a00000)
  to   space 5120K, 0% used [0x00000000e2000000,0x00000000e2000000,0x00000000e2500000)
 ParOldGen       total 86016K, used 0K [0x00000000a0000000, 0x00000000a5400000, 0x00000000e0000000)
  object space 86016K, 0% used [0x00000000a0000000,0x00000000a0000000,0x00000000a5400000)
 Metaspace       used 6927K, capacity 7024K, committed 7296K, reserved 1056768K
  class space    used 843K, capacity 877K, committed 896K, reserved 1048576K
Event: 1.087 GC heap after
Heap after GC invocations=1 (full 0):
 PSYoungGen      total 37888K, used 4189K [0x00000000e0000000, 0x00000000e2a00000, 0x0000000100000000)
  eden space 32768K, 0% used [0x00000000e0000000,0x00000000e0000000,0x00000000e2000000)
  from space 5120K, 81% used [0x00000000e2000000,0x00000000e2417770,0x00000000e2500000)
  to   space 5120K, 0% used [0x00000000e2500000,0x00000000e2500000,0x00000000e2a00000)
 ParOldGen       total 86016K, used 8K [0x00000000a0000000, 0x00000000a5400000, 0x00000000e0000000)
  object space 86016K, 0% used [0x00000000a0000000,0x00000000a0002000,0x00000000a5400000)
 Metaspace       used 6927K, capacity 7024K, committed 7296K, reserved 1056768K
  class space    used 843K, capacity 877K, committed 896K, reserved 1048576K
}
Event: 1.621 GC heap before
{Heap before GC invocations=2 (full 0):
 PSYoungGen      total 37888K, used 36957K [0x00000000e0000000, 0x00000000e2a00000, 0x0000000100000000)
  eden space 32768K, 100% used [0x00000000e0000000,0x00000000e2000000,0x00000000e2000000)
  from space 5120K, 81% used [0x00000000e2000000,0x00000000e2417770,0x00000000e2500000)
  to   space 5120K, 0% used [0x00000000e2500000,0x00000000e2500000,0x00000000e2a00000)
 ParOldGen       total 86016K, used 8K [0x00000000a0000000, 0x00000000a5400000, 0x00000000e0000000)
  object space 86016K, 0% used [0x00000000a0000000,0x00000000a0002000,0x00000000a5400000)
 Metaspace       used 8745K, capacity 8984K, committed 9216K, reserved 1056768K
  class space    used 1132K, capacity 1198K, committed 1280K, reserved 1048576K
Event: 1.626 GC heap after
Heap after GC invocations=2 (full 0):
 PSYoungGen      total 37888K, used 4448K [0x00000000e0000000, 0x00000000e2a00000, 0x0000000100000000)
  eden space 32768K, 0% used [0x00000000e0000000,0x00000000e0000000,0x00000000e2000000)
  from space 5120K, 86% used [0x00000000e2500000,0x00000000e29582a8,0x00000000e2a00000)
  to   space 5120K, 0% used [0x00000000e2000000,0x00000000e2000000,0x00000000e2500000)
 ParOldGen       total 86016K, used 16K [0x00000000a0000000, 0x00000000a5400000, 0x00000000e0000000)
  object space 86016K, 0% used [0x00000000a0000000,0x00000000a0004000,0x00000000a5400000)
 Metaspace       used 8745K, capacity 8984K, committed 9216K, reserved 1056768K
  class space    used 1132K, capacity 1198K, committed 1280K, reserved 1048576K
}
Event: 2.255 GC heap before
{Heap before GC invocations=3 (full 0):
 PSYoungGen      total 37888K, used 37216K [0x00000000e0000000, 0x00000000e2a00000, 0x0000000100000000)
  eden space 32768K, 100% used [0x00000000e0000000,0x00000000e2000000,0x00000000e2000000)
  from space 5120K, 86% used [0x00000000e2500000,0x00000000e29582a8,0x00000000e2a00000)
  to   space 5120K, 0% used [0x00000000e2000000,0x00000000e2000000,0x00000000e2500000)
 ParOldGen       total 86016K, used 16K [0x00000000a0000000, 0x00000000a5400000, 0x00000000e0000000)
  object space 86016K, 0% used [0x00000000a0000000,0x00000000a0004000,0x00000000a5400000)
 Metaspace       used 13262K, capacity 13576K, committed 13824K, reserved 1060864K
  class space    used 1822K, capacity 1960K, committed 2048K, reserved 1048576K
Event: 2.263 GC heap after
Heap after GC invocations=3 (full 0):
 PSYoungGen      total 37888K, used 5088K [0x00000000e0000000, 0x00000000e2a00000, 0x0000000100000000)
  eden space 32768K, 0% used [0x00000000e0000000,0x00000000e0000000,0x00000000e2000000)
  from space 5120K, 99% used [0x00000000e2000000,0x00000000e24f8040,0x00000000e2500000)
  to   space 5120K, 0% used [0x00000000e2500000,0x00000000e2500000,0x00000000e2a00000)
 ParOldGen       total 86016K, used 1820K [0x00000000a0000000, 0x00000000a5400000, 0x00000000e0000000)
  object space 86016K, 2% used [0x00000000a0000000,0x00000000a01c7368,0x00000000a5400000)
 Metaspace       used 13262K, capacity 13576K, committed 13824K, reserved 1060864K
  class space    used 1822K, capacity 1960K, committed 2048K, reserved 1048576K
}

Deoptimization events (10 events):
Event: 1.929 Thread 0x000000001943d800 Uncommon trap: reason=unstable_if action=reinterpret pc=0x0000000002e310c0 method=java.util.concurrent.ConcurrentHashMap.putVal(Ljava/lang/Object;Ljava/lang/Object;Z)Ljava/lang/Object; @ 206
Event: 1.972 Thread 0x00000000196ce000 Uncommon trap: reason=bimorphic action=maybe_recompile pc=0x0000000002d1e9a4 method=java.util.HashMap.putVal(ILjava/lang/Object;Ljava/lang/Object;ZZ)Ljava/lang/Object; @ 253
Event: 1.972 Thread 0x00000000196ce000 Uncommon trap: reason=bimorphic action=maybe_recompile pc=0x0000000002d1e9a4 method=java.util.HashMap.putVal(ILjava/lang/Object;Ljava/lang/Object;ZZ)Ljava/lang/Object; @ 253
Event: 1.972 Thread 0x00000000196ce000 Uncommon trap: reason=bimorphic action=maybe_recompile pc=0x0000000002d1e9a4 method=java.util.HashMap.putVal(ILjava/lang/Object;Ljava/lang/Object;ZZ)Ljava/lang/Object; @ 253
Event: 1.972 Thread 0x00000000196ce000 Uncommon trap: reason=bimorphic action=maybe_recompile pc=0x0000000002d1e9a4 method=java.util.HashMap.putVal(ILjava/lang/Object;Ljava/lang/Object;ZZ)Ljava/lang/Object; @ 253
Event: 1.972 Thread 0x00000000196ce000 Uncommon trap: reason=bimorphic action=maybe_recompile pc=0x0000000002d19e88 method=java.util.HashMap.putVal(ILjava/lang/Object;Ljava/lang/Object;ZZ)Ljava/lang/Object; @ 253
Event: 2.218 Thread 0x00000000196ce000 Uncommon trap: reason=class_check action=maybe_recompile pc=0x0000000002d53858 method=java.util.regex.Matcher.match(II)Z @ 86
Event: 2.240 Thread 0x00000000196ce000 Uncommon trap: reason=class_check action=maybe_recompile pc=0x0000000002d53858 method=java.util.regex.Matcher.match(II)Z @ 86
Event: 2.241 Thread 0x00000000196ce000 Uncommon trap: reason=class_check action=maybe_recompile pc=0x0000000002d53858 method=java.util.regex.Matcher.match(II)Z @ 86
Event: 2.241 Thread 0x00000000196ce000 Uncommon trap: reason=class_check action=maybe_recompile pc=0x0000000002d0b61c method=java.util.regex.Matcher.match(II)Z @ 86

Classes redefined (0 events):
No events

Internal exceptions (10 events):
Event: 1.632 Thread 0x000000000104e800 Exception <a 'java/lang/NoSuchFieldError': method resolution failed> (0x00000000e002cad0) thrown at [D:\src\AOSP-openjdk-cygwin\jdk8u\hotspot\src\share\vm\prims\methodHandles.cpp, line 1167]
Event: 1.633 Thread 0x000000000104e800 Exception <a 'java/lang/NoSuchFieldError': method resolution failed> (0x00000000e003a870) thrown at [D:\src\AOSP-openjdk-cygwin\jdk8u\hotspot\src\share\vm\prims\methodHandles.cpp, line 1167]
Event: 1.894 Thread 0x000000000104e800 Exception <a 'java/io/IOException'> (0x00000000e07ac5e0) thrown at [D:\src\AOSP-openjdk-cygwin\jdk8u\hotspot\src\share\vm\prims\jni.cpp, line 709]
Event: 1.929 Thread 0x000000001943d800 Exception <a 'java/lang/NoSuchMethodError': <clinit>> (0x00000000e097e438) thrown at [D:\src\AOSP-openjdk-cygwin\jdk8u\hotspot\src\share\vm\prims\jni.cpp, line 1613]
Event: 1.930 Thread 0x000000001943d800 Exception <a 'java/lang/NoSuchMethodError': <clinit>> (0x00000000e0988038) thrown at [D:\src\AOSP-openjdk-cygwin\jdk8u\hotspot\src\share\vm\prims\jni.cpp, line 1613]
Event: 1.932 Thread 0x000000001943d800 Exception <a 'java/lang/NoSuchMethodError': <clinit>> (0x00000000e099c038) thrown at [D:\src\AOSP-openjdk-cygwin\jdk8u\hotspot\src\share\vm\prims\jni.cpp, line 1613]
Event: 1.940 Thread 0x000000001943d800 Exception <a 'java/lang/NoSuchMethodError': <clinit>> (0x00000000e09f6ea0) thrown at [D:\src\AOSP-openjdk-cygwin\jdk8u\hotspot\src\share\vm\prims\jni.cpp, line 1613]
Event: 1.945 Thread 0x000000001943d800 Exception <a 'java/lang/NoSuchMethodError': <clinit>> (0x00000000e0a2df20) thrown at [D:\src\AOSP-openjdk-cygwin\jdk8u\hotspot\src\share\vm\prims\jni.cpp, line 1613]
Event: 1.950 Thread 0x000000001943d800 Exception <a 'java/lang/NoSuchMethodError': <clinit>> (0x00000000e0a63600) thrown at [D:\src\AOSP-openjdk-cygwin\jdk8u\hotspot\src\share\vm\prims\jni.cpp, line 1613]
Event: 1.950 Thread 0x000000001943d800 Exception <a 'java/lang/NoSuchMethodError': <clinit>> (0x00000000e0a6e930) thrown at [D:\src\AOSP-openjdk-cygwin\jdk8u\hotspot\src\share\vm\prims\jni.cpp, line 1613]

Events (10 events):
Event: 2.621 loading class org/gradle/internal/fingerprint/classpath/impl/ClasspathFingerprintingStrategy$NonJarFingerprintingStrategy$2
Event: 2.621 loading class org/gradle/internal/fingerprint/classpath/impl/ClasspathFingerprintingStrategy$NonJarFingerprintingStrategy$2 done
Event: 2.622 loading class org/gradle/internal/fingerprint/classpath/impl/ClasspathCompareStrategy
Event: 2.622 loading class org/gradle/internal/fingerprint/classpath/impl/ClasspathCompareStrategy done
Event: 2.623 loading class org/gradle/internal/fingerprint/impl/AbstractFingerprintCompareStrategy
Event: 2.623 loading class org/gradle/internal/fingerprint/impl/AbstractFingerprintCompareStrategy done
Event: 2.624 loading class org/gradle/internal/fingerprint/FingerprintCompareStrategy
Event: 2.624 loading class org/gradle/internal/fingerprint/FingerprintCompareStrategy done
Event: 2.625 loading class org/gradle/internal/change/Change
Event: 2.625 loading class org/gradle/internal/change/Change done


Dynamic libraries:
0x00007ff68d8c0000 - 0x00007ff68d8f1000 	D:\Program Files\Android\Android Studio\jre\bin\java.exe
0x00007ffe814c0000 - 0x00007ffe816a1000 	C:\WINDOWS\SYSTEM32\ntdll.dll
0x00007ffe81000000 - 0x00007ffe810b1000 	C:\WINDOWS\System32\KERNEL32.DLL
0x00007ffe7e6d0000 - 0x00007ffe7e943000 	C:\WINDOWS\System32\KERNELBASE.dll
0x00007ffe80e30000 - 0x00007ffe80ed1000 	C:\WINDOWS\System32\ADVAPI32.dll
0x00007ffe813f0000 - 0x00007ffe8148e000 	C:\WINDOWS\System32\msvcrt.dll
0x00007ffe80980000 - 0x00007ffe809db000 	C:\WINDOWS\System32\sechost.dll
0x00007ffe810c0000 - 0x00007ffe811e4000 	C:\WINDOWS\System32\RPCRT4.dll
0x00007ffe80420000 - 0x00007ffe805b0000 	C:\WINDOWS\System32\USER32.dll
0x00007ffe7db30000 - 0x00007ffe7db50000 	C:\WINDOWS\System32\win32u.dll
0x00007ffe7e950000 - 0x00007ffe7e978000 	C:\WINDOWS\System32\GDI32.dll
0x00007ffe7e310000 - 0x00007ffe7e4a1000 	C:\WINDOWS\System32\gdi32full.dll
0x00007ffe7e4b0000 - 0x00007ffe7e54f000 	C:\WINDOWS\System32\msvcp_win.dll
0x00007ffe7e550000 - 0x00007ffe7e648000 	C:\WINDOWS\System32\ucrtbase.dll
0x00007ffe6e1c0000 - 0x00007ffe6e429000 	C:\WINDOWS\WinSxS\amd64_microsoft.windows.common-controls_6595b64144ccf1df_6.0.17134.950_none_fb3da4273069d3e0\COMCTL32.dll
0x00007ffe800e0000 - 0x00007ffe80402000 	C:\WINDOWS\System32\combase.dll
0x00007ffe7e650000 - 0x00007ffe7e6c9000 	C:\WINDOWS\System32\bcryptPrimitives.dll
0x00007ffe7e980000 - 0x00007ffe7e9ad000 	C:\WINDOWS\System32\IMM32.DLL
0x000000005a1b0000 - 0x000000005a282000 	D:\Program Files\Android\Android Studio\jre\jre\bin\msvcr100.dll
0x00000000588a0000 - 0x00000000590e1000 	D:\Program Files\Android\Android Studio\jre\jre\bin\server\jvm.dll
0x00007ffe811f0000 - 0x00007ffe811f8000 	C:\WINDOWS\System32\PSAPI.DLL
0x00007ffe7b130000 - 0x00007ffe7b153000 	C:\WINDOWS\SYSTEM32\WINMM.dll
0x00007ffe79f90000 - 0x00007ffe79f99000 	C:\WINDOWS\SYSTEM32\WSOCK32.dll
0x00007ffe80ee0000 - 0x00007ffe80f4c000 	C:\WINDOWS\System32\WS2_32.dll
0x00007ffe793f0000 - 0x00007ffe793fa000 	C:\WINDOWS\SYSTEM32\VERSION.dll
0x00007ffe7af60000 - 0x00007ffe7af8a000 	C:\WINDOWS\SYSTEM32\WINMMBASE.dll
0x00007ffe7d8f0000 - 0x00007ffe7d939000 	C:\WINDOWS\System32\cfgmgr32.dll
0x00007ffe796d0000 - 0x00007ffe796df000 	D:\Program Files\Android\Android Studio\jre\jre\bin\verify.dll
0x00007ffe73470000 - 0x00007ffe73499000 	D:\Program Files\Android\Android Studio\jre\jre\bin\java.dll
0x00007ffe74720000 - 0x00007ffe74736000 	D:\Program Files\Android\Android Studio\jre\jre\bin\zip.dll
0x00007ffe7e9b0000 - 0x00007ffe7fdf0000 	C:\WINDOWS\System32\SHELL32.dll
0x00007ffe80f50000 - 0x00007ffe80ff9000 	C:\WINDOWS\System32\shcore.dll
0x00007ffe7db50000 - 0x00007ffe7e25d000 	C:\WINDOWS\System32\windows.storage.dll
0x00007ffe80080000 - 0x00007ffe800d1000 	C:\WINDOWS\System32\shlwapi.dll
0x00007ffe7d850000 - 0x00007ffe7d861000 	C:\WINDOWS\System32\kernel.appcore.dll
0x00007ffe7d870000 - 0x00007ffe7d88f000 	C:\WINDOWS\System32\profapi.dll
0x00007ffe7d7d0000 - 0x00007ffe7d81c000 	C:\WINDOWS\System32\powrprof.dll
0x00007ffe7d840000 - 0x00007ffe7d84a000 	C:\WINDOWS\System32\FLTLIB.DLL
0x00007ffe740c0000 - 0x00007ffe740da000 	D:\Program Files\Android\Android Studio\jre\jre\bin\net.dll
0x00007ffe7cbf0000 - 0x00007ffe7cc56000 	C:\WINDOWS\system32\mswsock.dll
0x00007ffe73ce0000 - 0x00007ffe73cf1000 	D:\Program Files\Android\Android Studio\jre\jre\bin\nio.dll
0x00007ffe78130000 - 0x00007ffe7814e000 	C:\Users\user\.gradle\native\25\windows-amd64\native-platform.dll
0x00007ffe78a50000 - 0x00007ffe78a5d000 	D:\Program Files\Android\Android Studio\jre\jre\bin\management.dll
0x00007ffe7d1a0000 - 0x00007ffe7d1b7000 	C:\WINDOWS\SYSTEM32\CRYPTSP.dll
0x000000005aa10000 - 0x000000005aa21000 	C:\Program Files\Common Files\Crypto Pro\AppCompat\cpadvai.dll
0x00007ffe7d940000 - 0x00007ffe7db22000 	C:\WINDOWS\System32\CRYPT32.dll
0x00007ffe7d820000 - 0x00007ffe7d832000 	C:\WINDOWS\System32\MSASN1.dll
0x000000005aa40000 - 0x000000005aa60000 	C:\Program Files\Common Files\Crypto Pro\AppCompat\cpcrypt.dll
0x000000005aa30000 - 0x000000005aa37000 	C:\Program Files\Common Files\Crypto Pro\AppCompat\detoured.dll
0x00007ffe7c7a0000 - 0x00007ffe7c7d3000 	C:\WINDOWS\system32\rsaenh.dll
0x00007ffe7d2d0000 - 0x00007ffe7d2f5000 	C:\WINDOWS\SYSTEM32\bcrypt.dll
0x00007ffe7d700000 - 0x00007ffe7d728000 	C:\WINDOWS\SYSTEM32\USERENV.dll
0x00007ffe7d1c0000 - 0x00007ffe7d1cb000 	C:\WINDOWS\SYSTEM32\CRYPTBASE.dll
0x00007ffe7c940000 - 0x00007ffe7c978000 	C:\WINDOWS\SYSTEM32\IPHLPAPI.DLL
0x00007ffe807f0000 - 0x00007ffe807f8000 	C:\WINDOWS\System32\NSI.dll
0x00007ffe77780000 - 0x00007ffe77796000 	C:\WINDOWS\SYSTEM32\dhcpcsvc6.DLL
0x00007ffe77750000 - 0x00007ffe7776a000 	C:\WINDOWS\SYSTEM32\dhcpcsvc.DLL

VM Arguments:
jvm_args: -Xmx1536M -Dfile.encoding=windows-1251 -Duser.country=RU -Duser.language=ru -Duser.variant 
java_command: org.gradle.launcher.daemon.bootstrap.GradleDaemon 5.1.1
java_class_path (initial): C:\Users\user\.gradle\wrapper\dists\gradle-5.1.1-all\97z1ksx6lirer3kbvdnh7jtjg\gradle-5.1.1\lib\gradle-launcher-5.1.1.jar
Launcher Type: SUN_STANDARD

Environment Variables:
JAVA_HOME=D:\Program Files\Java\jdk-10.0.1
CLASSPATH=D:\Program Files\Java\jdk-10.0.1\bin
PATH=C:\Python27\;C:\Python27\Scripts;C:\Program Files (x86)\Common Files\Oracle\Java\javapath;C:\Program Files (x86)\Intel\iCLS Client\;C:\Program Files\Intel\iCLS Client\;C:\WINDOWS\system32;C:\WINDOWS;C:\WINDOWS\System32\Wbem;C:\WINDOWS\System32\WindowsPowerShell\v1.0\;C:\Program Files (x86)\Intel\Intel(R) Management Engine Components\DAL;C:\Program Files\Intel\Intel(R) Management Engine Components\DAL;C:\Program Files (x86)\Intel\Intel(R) Management Engine Components\IPT;C:\Program Files\Intel\Intel(R) Management Engine Components\IPT;C:\WINDOWS\System32\OpenSSH\;D:\Program Files\Git\cmd;C:\Program Files\TortoiseGit\bin;C:\ProgramData\chocolatey\bin;C:\Program Files\AdoptOpenJDK\jdk8u192-b12\bin;C:\Program Files\Java\jdk1.8.0_201\bin;C:\Android\android-sdk\tools;C:\Android\android-sdk\platform-tools;C:\Android\android-sdk\tools\bin;D:\Users\user\AppData\Local\Android\platform-tools;D:\Users\user\AppData\Local\Android\tools;D:\Users\user\AppData\Local\Android\tools\bin;C:\Program Files\nodejs\;C:\Users\user\AppData\Local\Microsoft\WindowsApps;D:\Program Files\Java\jdk-10.0.1\bin;C:\Users\user\AppData\Local\atom\bin;D:\Users\user\AppData\Local\Android\platform-tools;C:\Users\user\AppData\Roaming\npm;D:\Program Files\atom\bin
USERNAME=user
OS=Windows_NT
PROCESSOR_IDENTIFIER=Intel64 Family 6 Model 158 Stepping 9, GenuineIntel



---------------  S Y S T E M  ---------------

OS: Windows 10.0 , 64 bit Build 17134 (10.0.17134.753)

CPU:total 4 (initial active 4) (2 cores per cpu, 2 threads per core) family 6 model 158 stepping 9, cmov, cx8, fxsr, mmx, sse, sse2, sse3, ssse3, sse4.1, sse4.2, popcnt, avx, avx2, aes, clmul, erms, 3dnowpref, lzcnt, ht, tsc, tscinvbit, bmi1, bmi2, adx

Memory: 4k page, physical 8253380k(1719140k free), swap 8765380k(5436k free)

vm_info: OpenJDK 64-Bit Server VM (25.152-b01) for windows-amd64 JRE (1.8.0_152-release-1343-b01), built by "builder" with MS VC++ 10.0 (VS2010)

time: Mon Aug 26 11:03:00 2019
elapsed time: 2 seconds (0d 0h 0m 2s)

